{"C:\\Users\\bianc\\OneDrive - Universidad de Moron (1)\\Franco\\03 Programación\\01 Projects\\fullstackopen\\part5\\notes-following\\react-ui\\src\\App.js": {"path":"C:\\Users\\bianc\\OneDrive - Universidad de Moron (1)\\Franco\\03 Programación\\01 Projects\\fullstackopen\\part5\\notes-following\\react-ui\\src\\App.js","statementMap":{"0":{"start":{"line":11,"column":12},"end":{"line":100,"column":1}},"1":{"start":{"line":12,"column":28},"end":{"line":12,"column":40}},"2":{"start":{"line":13,"column":32},"end":{"line":13,"column":46}},"3":{"start":{"line":14,"column":42},"end":{"line":14,"column":56}},"4":{"start":{"line":15,"column":38},"end":{"line":15,"column":58}},"5":{"start":{"line":16,"column":26},"end":{"line":16,"column":40}},"6":{"start":{"line":18,"column":2},"end":{"line":22,"column":18}},"7":{"start":{"line":19,"column":4},"end":{"line":21,"column":6}},"8":{"start":{"line":20,"column":6},"end":{"line":20,"column":28}},"9":{"start":{"line":24,"column":2},"end":{"line":31,"column":8}},"10":{"start":{"line":25,"column":27},"end":{"line":25,"column":75}},"11":{"start":{"line":26,"column":4},"end":{"line":30,"column":5}},"12":{"start":{"line":27,"column":19},"end":{"line":27,"column":45}},"13":{"start":{"line":28,"column":6},"end":{"line":28,"column":19}},"14":{"start":{"line":29,"column":6},"end":{"line":29,"column":38}},"15":{"start":{"line":33,"column":29},"end":{"line":50,"column":3}},"16":{"start":{"line":34,"column":17},"end":{"line":34,"column":47}},"17":{"start":{"line":34,"column":35},"end":{"line":34,"column":46}},"18":{"start":{"line":35,"column":24},"end":{"line":35,"column":63}},"19":{"start":{"line":37,"column":4},"end":{"line":49,"column":8}},"20":{"start":{"line":40,"column":8},"end":{"line":40,"column":77}},"21":{"start":{"line":40,"column":38},"end":{"line":40,"column":74}},"22":{"start":{"line":43,"column":8},"end":{"line":45,"column":9}},"23":{"start":{"line":46,"column":8},"end":{"line":48,"column":16}},"24":{"start":{"line":47,"column":10},"end":{"line":47,"column":31}},"25":{"start":{"line":52,"column":22},"end":{"line":52,"column":78}},"26":{"start":{"line":52,"column":63},"end":{"line":52,"column":77}},"27":{"start":{"line":54,"column":20},"end":{"line":58,"column":3}},"28":{"start":{"line":55,"column":4},"end":{"line":57,"column":16}},"29":{"start":{"line":60,"column":22},"end":{"line":60,"column":30}},"30":{"start":{"line":62,"column":19},"end":{"line":66,"column":3}},"31":{"start":{"line":63,"column":4},"end":{"line":65,"column":16}},"32":{"start":{"line":68,"column":2},"end":{"line":99,"column":3}},"33":{"start":{"line":83,"column":31},"end":{"line":83,"column":51}},"34":{"start":{"line":89,"column":10},"end":{"line":93,"column":12}},"35":{"start":{"line":92,"column":36},"end":{"line":92,"column":63}}},"fnMap":{"0":{"name":"(anonymous_0)","decl":{"start":{"line":11,"column":12},"end":{"line":11,"column":13}},"loc":{"start":{"line":11,"column":18},"end":{"line":100,"column":1}},"line":11},"1":{"name":"(anonymous_1)","decl":{"start":{"line":18,"column":12},"end":{"line":18,"column":13}},"loc":{"start":{"line":18,"column":18},"end":{"line":22,"column":3}},"line":18},"2":{"name":"(anonymous_2)","decl":{"start":{"line":19,"column":30},"end":{"line":19,"column":31}},"loc":{"start":{"line":19,"column":48},"end":{"line":21,"column":5}},"line":19},"3":{"name":"(anonymous_3)","decl":{"start":{"line":24,"column":12},"end":{"line":24,"column":13}},"loc":{"start":{"line":24,"column":18},"end":{"line":31,"column":3}},"line":24},"4":{"name":"(anonymous_4)","decl":{"start":{"line":33,"column":29},"end":{"line":33,"column":30}},"loc":{"start":{"line":33,"column":37},"end":{"line":50,"column":3}},"line":33},"5":{"name":"(anonymous_5)","decl":{"start":{"line":34,"column":28},"end":{"line":34,"column":29}},"loc":{"start":{"line":34,"column":35},"end":{"line":34,"column":46}},"line":34},"6":{"name":"(anonymous_6)","decl":{"start":{"line":39,"column":12},"end":{"line":39,"column":13}},"loc":{"start":{"line":39,"column":30},"end":{"line":41,"column":7}},"line":39},"7":{"name":"(anonymous_7)","decl":{"start":{"line":40,"column":27},"end":{"line":40,"column":28}},"loc":{"start":{"line":40,"column":38},"end":{"line":40,"column":74}},"line":40},"8":{"name":"(anonymous_8)","decl":{"start":{"line":42,"column":13},"end":{"line":42,"column":14}},"loc":{"start":{"line":42,"column":24},"end":{"line":49,"column":7}},"line":42},"9":{"name":"(anonymous_9)","decl":{"start":{"line":46,"column":19},"end":{"line":46,"column":20}},"loc":{"start":{"line":46,"column":25},"end":{"line":48,"column":9}},"line":46},"10":{"name":"(anonymous_10)","decl":{"start":{"line":52,"column":53},"end":{"line":52,"column":54}},"loc":{"start":{"line":52,"column":63},"end":{"line":52,"column":77}},"line":52},"11":{"name":"(anonymous_11)","decl":{"start":{"line":54,"column":20},"end":{"line":54,"column":21}},"loc":{"start":{"line":55,"column":4},"end":{"line":57,"column":16}},"line":55},"12":{"name":"(anonymous_12)","decl":{"start":{"line":62,"column":19},"end":{"line":62,"column":20}},"loc":{"start":{"line":63,"column":4},"end":{"line":65,"column":16}},"line":63},"13":{"name":"(anonymous_13)","decl":{"start":{"line":83,"column":25},"end":{"line":83,"column":26}},"loc":{"start":{"line":83,"column":31},"end":{"line":83,"column":51}},"line":83},"14":{"name":"(anonymous_14)","decl":{"start":{"line":88,"column":25},"end":{"line":88,"column":26}},"loc":{"start":{"line":89,"column":10},"end":{"line":93,"column":12}},"line":89},"15":{"name":"(anonymous_15)","decl":{"start":{"line":92,"column":30},"end":{"line":92,"column":31}},"loc":{"start":{"line":92,"column":36},"end":{"line":92,"column":63}},"line":92}},"branchMap":{"0":{"loc":{"start":{"line":26,"column":4},"end":{"line":30,"column":5}},"type":"if","locations":[{"start":{"line":26,"column":4},"end":{"line":30,"column":5}},{"start":{"line":26,"column":4},"end":{"line":30,"column":5}}],"line":26},"1":{"loc":{"start":{"line":40,"column":38},"end":{"line":40,"column":74}},"type":"cond-expr","locations":[{"start":{"line":40,"column":55},"end":{"line":40,"column":59}},{"start":{"line":40,"column":62},"end":{"line":40,"column":74}}],"line":40},"2":{"loc":{"start":{"line":52,"column":22},"end":{"line":52,"column":78}},"type":"cond-expr","locations":[{"start":{"line":52,"column":32},"end":{"line":52,"column":37}},{"start":{"line":52,"column":40},"end":{"line":52,"column":78}}],"line":52},"3":{"loc":{"start":{"line":73,"column":7},"end":{"line":80,"column":7}},"type":"cond-expr","locations":[{"start":{"line":74,"column":8},"end":{"line":74,"column":19}},{"start":{"line":76,"column":8},"end":{"line":79,"column":14}}],"line":73},"4":{"loc":{"start":{"line":84,"column":16},"end":{"line":84,"column":45}},"type":"cond-expr","locations":[{"start":{"line":84,"column":26},"end":{"line":84,"column":37}},{"start":{"line":84,"column":40},"end":{"line":84,"column":45}}],"line":84}},"s":{"0":0,"1":0,"2":0,"3":0,"4":0,"5":0,"6":0,"7":0,"8":0,"9":0,"10":0,"11":0,"12":0,"13":0,"14":0,"15":0,"16":0,"17":0,"18":0,"19":0,"20":0,"21":0,"22":0,"23":0,"24":0,"25":0,"26":0,"27":0,"28":0,"29":0,"30":0,"31":0,"32":0,"33":0,"34":0,"35":0},"f":{"0":0,"1":0,"2":0,"3":0,"4":0,"5":0,"6":0,"7":0,"8":0,"9":0,"10":0,"11":0,"12":0,"13":0,"14":0,"15":0},"b":{"0":[0,0],"1":[0,0],"2":[0,0],"3":[0,0],"4":[0,0]}}
,"C:\\Users\\bianc\\OneDrive - Universidad de Moron (1)\\Franco\\03 Programación\\01 Projects\\fullstackopen\\part5\\notes-following\\react-ui\\src\\index.js": {"path":"C:\\Users\\bianc\\OneDrive - Universidad de Moron (1)\\Franco\\03 Programación\\01 Projects\\fullstackopen\\part5\\notes-following\\react-ui\\src\\index.js","statementMap":{"0":{"start":{"line":6,"column":0},"end":{"line":6,"column":57}}},"fnMap":{},"branchMap":{},"s":{"0":0},"f":{},"b":{}}
,"C:\\Users\\bianc\\OneDrive - Universidad de Moron (1)\\Franco\\03 Programación\\01 Projects\\fullstackopen\\part5\\notes-following\\react-ui\\src\\components\\Footer.js": {"path":"C:\\Users\\bianc\\OneDrive - Universidad de Moron (1)\\Franco\\03 Programación\\01 Projects\\fullstackopen\\part5\\notes-following\\react-ui\\src\\components\\Footer.js","statementMap":{"0":{"start":{"line":3,"column":15},"end":{"line":15,"column":1}},"1":{"start":{"line":4,"column":22},"end":{"line":8,"column":3}},"2":{"start":{"line":9,"column":2},"end":{"line":14,"column":3}}},"fnMap":{"0":{"name":"(anonymous_0)","decl":{"start":{"line":3,"column":15},"end":{"line":3,"column":16}},"loc":{"start":{"line":3,"column":21},"end":{"line":15,"column":1}},"line":3}},"branchMap":{},"s":{"0":0,"1":0,"2":0},"f":{"0":0},"b":{}}
,"C:\\Users\\bianc\\OneDrive - Universidad de Moron (1)\\Franco\\03 Programación\\01 Projects\\fullstackopen\\part5\\notes-following\\react-ui\\src\\components\\LoginForm.js": {"path":"C:\\Users\\bianc\\OneDrive - Universidad de Moron (1)\\Franco\\03 Programación\\01 Projects\\fullstackopen\\part5\\notes-following\\react-ui\\src\\components\\LoginForm.js","statementMap":{"0":{"start":{"line":6,"column":18},"end":{"line":50,"column":1}},"1":{"start":{"line":7,"column":34},"end":{"line":7,"column":46}},"2":{"start":{"line":8,"column":34},"end":{"line":8,"column":46}},"3":{"start":{"line":10,"column":23},"end":{"line":31,"column":3}},"4":{"start":{"line":11,"column":4},"end":{"line":11,"column":26}},"5":{"start":{"line":12,"column":4},"end":{"line":30,"column":5}},"6":{"start":{"line":13,"column":19},"end":{"line":15,"column":8}},"7":{"start":{"line":17,"column":6},"end":{"line":17,"column":38}},"8":{"start":{"line":18,"column":6},"end":{"line":20,"column":7}},"9":{"start":{"line":22,"column":6},"end":{"line":22,"column":21}},"10":{"start":{"line":23,"column":6},"end":{"line":23,"column":21}},"11":{"start":{"line":24,"column":6},"end":{"line":24,"column":19}},"12":{"start":{"line":26,"column":6},"end":{"line":26,"column":42}},"13":{"start":{"line":27,"column":6},"end":{"line":29,"column":14}},"14":{"start":{"line":28,"column":8},"end":{"line":28,"column":29}},"15":{"start":{"line":33,"column":2},"end":{"line":49,"column":3}},"16":{"start":{"line":40,"column":60},"end":{"line":40,"column":85}},"17":{"start":{"line":44,"column":76},"end":{"line":44,"column":101}},"18":{"start":{"line":52,"column":0},"end":{"line":55,"column":1}}},"fnMap":{"0":{"name":"(anonymous_0)","decl":{"start":{"line":6,"column":18},"end":{"line":6,"column":19}},"loc":{"start":{"line":6,"column":52},"end":{"line":50,"column":1}},"line":6},"1":{"name":"(anonymous_1)","decl":{"start":{"line":10,"column":23},"end":{"line":10,"column":24}},"loc":{"start":{"line":10,"column":40},"end":{"line":31,"column":3}},"line":10},"2":{"name":"(anonymous_2)","decl":{"start":{"line":27,"column":17},"end":{"line":27,"column":18}},"loc":{"start":{"line":27,"column":23},"end":{"line":29,"column":7}},"line":27},"3":{"name":"(anonymous_3)","decl":{"start":{"line":40,"column":44},"end":{"line":40,"column":45}},"loc":{"start":{"line":40,"column":60},"end":{"line":40,"column":85}},"line":40},"4":{"name":"(anonymous_4)","decl":{"start":{"line":44,"column":60},"end":{"line":44,"column":61}},"loc":{"start":{"line":44,"column":76},"end":{"line":44,"column":101}},"line":44}},"branchMap":{},"s":{"0":0,"1":0,"2":0,"3":0,"4":0,"5":0,"6":0,"7":0,"8":0,"9":0,"10":0,"11":0,"12":0,"13":0,"14":0,"15":0,"16":0,"17":0,"18":0},"f":{"0":0,"1":0,"2":0,"3":0,"4":0},"b":{}}
,"C:\\Users\\bianc\\OneDrive - Universidad de Moron (1)\\Franco\\03 Programación\\01 Projects\\fullstackopen\\part5\\notes-following\\react-ui\\src\\components\\Note.js": {"path":"C:\\Users\\bianc\\OneDrive - Universidad de Moron (1)\\Franco\\03 Programación\\01 Projects\\fullstackopen\\part5\\notes-following\\react-ui\\src\\components\\Note.js","statementMap":{"0":{"start":{"line":3,"column":13},"end":{"line":12,"column":1}},"1":{"start":{"line":4,"column":16},"end":{"line":4,"column":72}},"2":{"start":{"line":6,"column":2},"end":{"line":11,"column":3}}},"fnMap":{"0":{"name":"(anonymous_0)","decl":{"start":{"line":3,"column":13},"end":{"line":3,"column":14}},"loc":{"start":{"line":3,"column":45},"end":{"line":12,"column":1}},"line":3}},"branchMap":{"0":{"loc":{"start":{"line":4,"column":16},"end":{"line":4,"column":72}},"type":"cond-expr","locations":[{"start":{"line":4,"column":33},"end":{"line":4,"column":53}},{"start":{"line":4,"column":56},"end":{"line":4,"column":72}}],"line":4}},"s":{"0":1,"1":2,"2":2},"f":{"0":2},"b":{"0":[2,0]},"_coverageSchema":"1a1c01bbd47fc00a2c39e90264f33305004495a9","hash":"ab1b9d2df16703c3e855ff0404211c7c4def93fa"}
,"C:\\Users\\bianc\\OneDrive - Universidad de Moron (1)\\Franco\\03 Programación\\01 Projects\\fullstackopen\\part5\\notes-following\\react-ui\\src\\components\\NoteForm.js": {"path":"C:\\Users\\bianc\\OneDrive - Universidad de Moron (1)\\Franco\\03 Programación\\01 Projects\\fullstackopen\\part5\\notes-following\\react-ui\\src\\components\\NoteForm.js","statementMap":{"0":{"start":{"line":4,"column":17},"end":{"line":44,"column":1}},"1":{"start":{"line":5,"column":32},"end":{"line":5,"column":44}},"2":{"start":{"line":7,"column":23},"end":{"line":9,"column":3}},"3":{"start":{"line":8,"column":4},"end":{"line":8,"column":34}},"4":{"start":{"line":11,"column":18},"end":{"line":29,"column":3}},"5":{"start":{"line":12,"column":4},"end":{"line":12,"column":26}},"6":{"start":{"line":14,"column":23},"end":{"line":18,"column":5}},"7":{"start":{"line":20,"column":4},"end":{"line":25,"column":5}},"8":{"start":{"line":21,"column":6},"end":{"line":22,"column":27}},"9":{"start":{"line":24,"column":6},"end":{"line":24,"column":44}},"10":{"start":{"line":26,"column":4},"end":{"line":26,"column":42}},"11":{"start":{"line":27,"column":4},"end":{"line":27,"column":18}},"12":{"start":{"line":28,"column":4},"end":{"line":28,"column":29}},"13":{"start":{"line":31,"column":2},"end":{"line":43,"column":3}}},"fnMap":{"0":{"name":"(anonymous_0)","decl":{"start":{"line":4,"column":17},"end":{"line":4,"column":18}},"loc":{"start":{"line":4,"column":53},"end":{"line":44,"column":1}},"line":4},"1":{"name":"(anonymous_1)","decl":{"start":{"line":7,"column":23},"end":{"line":7,"column":24}},"loc":{"start":{"line":7,"column":34},"end":{"line":9,"column":3}},"line":7},"2":{"name":"(anonymous_2)","decl":{"start":{"line":11,"column":18},"end":{"line":11,"column":19}},"loc":{"start":{"line":11,"column":35},"end":{"line":29,"column":3}},"line":11}},"branchMap":{},"s":{"0":1,"1":2,"2":2,"3":1,"4":2,"5":1,"6":1,"7":1,"8":1,"9":0,"10":0,"11":0,"12":0,"13":2},"f":{"0":2,"1":1,"2":1},"b":{},"_coverageSchema":"1a1c01bbd47fc00a2c39e90264f33305004495a9","hash":"da24fd7e8856b15fe1e04891d0905159dcebd634"}
,"C:\\Users\\bianc\\OneDrive - Universidad de Moron (1)\\Franco\\03 Programación\\01 Projects\\fullstackopen\\part5\\notes-following\\react-ui\\src\\components\\Notification.js": {"path":"C:\\Users\\bianc\\OneDrive - Universidad de Moron (1)\\Franco\\03 Programación\\01 Projects\\fullstackopen\\part5\\notes-following\\react-ui\\src\\components\\Notification.js","statementMap":{"0":{"start":{"line":3,"column":21},"end":{"line":13,"column":1}},"1":{"start":{"line":4,"column":2},"end":{"line":6,"column":3}},"2":{"start":{"line":5,"column":4},"end":{"line":5,"column":15}},"3":{"start":{"line":8,"column":2},"end":{"line":12,"column":3}}},"fnMap":{"0":{"name":"(anonymous_0)","decl":{"start":{"line":3,"column":21},"end":{"line":3,"column":22}},"loc":{"start":{"line":3,"column":38},"end":{"line":13,"column":1}},"line":3}},"branchMap":{"0":{"loc":{"start":{"line":4,"column":2},"end":{"line":6,"column":3}},"type":"if","locations":[{"start":{"line":4,"column":2},"end":{"line":6,"column":3}},{"start":{"line":4,"column":2},"end":{"line":6,"column":3}}],"line":4}},"s":{"0":0,"1":0,"2":0,"3":0},"f":{"0":0},"b":{"0":[0,0]}}
,"C:\\Users\\bianc\\OneDrive - Universidad de Moron (1)\\Franco\\03 Programación\\01 Projects\\fullstackopen\\part5\\notes-following\\react-ui\\src\\components\\Togglable.js": {"path":"C:\\Users\\bianc\\OneDrive - Universidad de Moron (1)\\Franco\\03 Programación\\01 Projects\\fullstackopen\\part5\\notes-following\\react-ui\\src\\components\\Togglable.js","statementMap":{"0":{"start":{"line":4,"column":18},"end":{"line":29,"column":2}},"1":{"start":{"line":5,"column":32},"end":{"line":5,"column":47}},"2":{"start":{"line":7,"column":26},"end":{"line":7,"column":60}},"3":{"start":{"line":8,"column":26},"end":{"line":8,"column":60}},"4":{"start":{"line":10,"column":27},"end":{"line":12,"column":3}},"5":{"start":{"line":11,"column":4},"end":{"line":11,"column":24}},"6":{"start":{"line":14,"column":2},"end":{"line":16,"column":4}},"7":{"start":{"line":15,"column":4},"end":{"line":15,"column":31}},"8":{"start":{"line":18,"column":2},"end":{"line":28,"column":3}},"9":{"start":{"line":31,"column":0},"end":{"line":33,"column":1}},"10":{"start":{"line":35,"column":0},"end":{"line":35,"column":35}}},"fnMap":{"0":{"name":"(anonymous_0)","decl":{"start":{"line":4,"column":35},"end":{"line":4,"column":36}},"loc":{"start":{"line":4,"column":51},"end":{"line":29,"column":1}},"line":4},"1":{"name":"(anonymous_1)","decl":{"start":{"line":10,"column":27},"end":{"line":10,"column":28}},"loc":{"start":{"line":10,"column":33},"end":{"line":12,"column":3}},"line":10},"2":{"name":"(anonymous_2)","decl":{"start":{"line":14,"column":27},"end":{"line":14,"column":28}},"loc":{"start":{"line":14,"column":33},"end":{"line":16,"column":3}},"line":14}},"branchMap":{"0":{"loc":{"start":{"line":7,"column":37},"end":{"line":7,"column":58}},"type":"cond-expr","locations":[{"start":{"line":7,"column":47},"end":{"line":7,"column":53}},{"start":{"line":7,"column":56},"end":{"line":7,"column":58}}],"line":7},"1":{"loc":{"start":{"line":8,"column":37},"end":{"line":8,"column":58}},"type":"cond-expr","locations":[{"start":{"line":8,"column":47},"end":{"line":8,"column":49}},{"start":{"line":8,"column":52},"end":{"line":8,"column":58}}],"line":8}},"s":{"0":1,"1":7,"2":7,"3":7,"4":7,"5":3,"6":7,"7":0,"8":7,"9":1,"10":1},"f":{"0":7,"1":3,"2":0},"b":{"0":[2,5],"1":[2,5]},"_coverageSchema":"1a1c01bbd47fc00a2c39e90264f33305004495a9","hash":"d32cc90e37aa63c992af0d0b1cf270e8016413c8"}
,"C:\\Users\\bianc\\OneDrive - Universidad de Moron (1)\\Franco\\03 Programación\\01 Projects\\fullstackopen\\part5\\notes-following\\react-ui\\src\\services\\login.js": {"path":"C:\\Users\\bianc\\OneDrive - Universidad de Moron (1)\\Franco\\03 Programación\\01 Projects\\fullstackopen\\part5\\notes-following\\react-ui\\src\\services\\login.js","statementMap":{"0":{"start":{"line":2,"column":16},"end":{"line":2,"column":28}},"1":{"start":{"line":4,"column":14},"end":{"line":7,"column":1}},"2":{"start":{"line":5,"column":19},"end":{"line":5,"column":57}},"3":{"start":{"line":6,"column":2},"end":{"line":6,"column":22}},"4":{"start":{"line":9,"column":21},"end":{"line":9,"column":30}}},"fnMap":{"0":{"name":"(anonymous_0)","decl":{"start":{"line":4,"column":14},"end":{"line":4,"column":15}},"loc":{"start":{"line":4,"column":35},"end":{"line":7,"column":1}},"line":4}},"branchMap":{},"s":{"0":0,"1":0,"2":0,"3":0,"4":0},"f":{"0":0},"b":{}}
,"C:\\Users\\bianc\\OneDrive - Universidad de Moron (1)\\Franco\\03 Programación\\01 Projects\\fullstackopen\\part5\\notes-following\\react-ui\\src\\services\\notes.js": {"path":"C:\\Users\\bianc\\OneDrive - Universidad de Moron (1)\\Franco\\03 Programación\\01 Projects\\fullstackopen\\part5\\notes-following\\react-ui\\src\\services\\notes.js","statementMap":{"0":{"start":{"line":2,"column":16},"end":{"line":2,"column":28}},"1":{"start":{"line":4,"column":12},"end":{"line":4,"column":16}},"2":{"start":{"line":6,"column":17},"end":{"line":8,"column":1}},"3":{"start":{"line":7,"column":2},"end":{"line":7,"column":30}},"4":{"start":{"line":10,"column":15},"end":{"line":13,"column":1}},"5":{"start":{"line":11,"column":18},"end":{"line":11,"column":36}},"6":{"start":{"line":12,"column":2},"end":{"line":12,"column":48}},"7":{"start":{"line":12,"column":34},"end":{"line":12,"column":47}},"8":{"start":{"line":15,"column":15},"end":{"line":22,"column":1}},"9":{"start":{"line":16,"column":17},"end":{"line":18,"column":3}},"10":{"start":{"line":20,"column":19},"end":{"line":20,"column":63}},"11":{"start":{"line":21,"column":2},"end":{"line":21,"column":22}},"12":{"start":{"line":24,"column":15},"end":{"line":27,"column":1}},"13":{"start":{"line":25,"column":18},"end":{"line":25,"column":58}},"14":{"start":{"line":26,"column":2},"end":{"line":26,"column":48}},"15":{"start":{"line":26,"column":34},"end":{"line":26,"column":47}},"16":{"start":{"line":29,"column":20},"end":{"line":29,"column":56}}},"fnMap":{"0":{"name":"(anonymous_0)","decl":{"start":{"line":6,"column":17},"end":{"line":6,"column":18}},"loc":{"start":{"line":6,"column":29},"end":{"line":8,"column":1}},"line":6},"1":{"name":"(anonymous_1)","decl":{"start":{"line":10,"column":15},"end":{"line":10,"column":16}},"loc":{"start":{"line":10,"column":21},"end":{"line":13,"column":1}},"line":10},"2":{"name":"(anonymous_2)","decl":{"start":{"line":12,"column":22},"end":{"line":12,"column":23}},"loc":{"start":{"line":12,"column":34},"end":{"line":12,"column":47}},"line":12},"3":{"name":"(anonymous_3)","decl":{"start":{"line":15,"column":15},"end":{"line":15,"column":16}},"loc":{"start":{"line":15,"column":34},"end":{"line":22,"column":1}},"line":15},"4":{"name":"(anonymous_4)","decl":{"start":{"line":24,"column":15},"end":{"line":24,"column":16}},"loc":{"start":{"line":24,"column":34},"end":{"line":27,"column":1}},"line":24},"5":{"name":"(anonymous_5)","decl":{"start":{"line":26,"column":22},"end":{"line":26,"column":23}},"loc":{"start":{"line":26,"column":34},"end":{"line":26,"column":47}},"line":26}},"branchMap":{},"s":{"0":1,"1":1,"2":1,"3":0,"4":1,"5":0,"6":0,"7":0,"8":1,"9":1,"10":1,"11":0,"12":1,"13":0,"14":0,"15":0,"16":1},"f":{"0":0,"1":0,"2":0,"3":1,"4":0,"5":0},"b":{},"_coverageSchema":"1a1c01bbd47fc00a2c39e90264f33305004495a9","hash":"31deb55ac97b5ea769189f2eed976b43dcf211c2"}
}
